<html>
<head>
<title>TestNG:  TestNG test</title>
<link href="../testng.css" rel="stylesheet" type="text/css" />
<link href="../my-testng.css" rel="stylesheet" type="text/css" />

<style type="text/css">
.log { display: none;} 
.stack-trace { display: none;} 
</style>
<script type="text/javascript">
<!--
function flip(e) {
  current = e.style.display;
  if (current == 'block') {
    e.style.display = 'none';
    return 0;
  }
  else {
    e.style.display = 'block';
    return 1;
  }
}

function toggleBox(szDivId, elem, msg1, msg2)
{
  var res = -1;  if (document.getElementById) {
    res = flip(document.getElementById(szDivId));
  }
  else if (document.all) {
    // this is the way old msie versions work
    res = flip(document.all[szDivId]);
  }
  if(elem) {
    if(res == 0) elem.innerHTML = msg1; else elem.innerHTML = msg2;
  }

}

function toggleAllBoxes() {
  if (document.getElementsByTagName) {
    d = document.getElementsByTagName('div');
    for (i = 0; i < d.length; i++) {
      if (d[i].className == 'log') {
        flip(d[i]);
      }
    }
  }
}

// -->
</script>

</head>
<body>
<h2 align='center'>TestNG test</h2><table border='1' align="center">
<tr>
<td>Tests passed/Failed/Skipped:</td><td>18/0/22</td>
</tr><tr>
<td>Started on:</td><td>Tue Sep 01 10:53:05 PDT 2009</td>
</tr>
<tr><td>Total time:</td><td>0 seconds (157 ms)</td>
</tr><tr>
<td>Included groups:</td><td></td>
</tr><tr>
<td>Excluded groups:</td><td></td>
</tr>
</table><p/>
<small><i>(Hover the method name to see the test class name)</i></small><p/>
<table width='100%' border='1' class='invocation-passed'>
<tr><td colspan='3' align='center'><b>PASSED TESTS</b></td></tr>
<tr><td><b>Test method</b></td>
<td width="10%"><b>Time (seconds)</b></td>
<td width="30%"><b>Exception</b></td>
</tr>
<tr>
<td title='TEST.Addition_JML_Test.test_Addition_int_int()'>test_Addition_int_int<br/><b>Parameters:</b> TEST.Addition@1e893df, 1, 1</td>
<td>0</td>
<td></td>
</tr>
<tr>
<td title='TEST.Addition_JML_Test.test_Addition_int_int()'>test_Addition_int_int<br/><b>Parameters:</b> TEST.Addition@1e893df, 1, 1</td>
<td>0</td>
<td></td>
</tr>
<tr>
<td title='TEST.Addition_JML_Test.test_Addition_int_int()'>test_Addition_int_int<br/><b>Parameters:</b> TEST.Addition@1e893df, 1, 1</td>
<td>0</td>
<td></td>
</tr>
<tr>
<td title='TEST.Addition_JML_Test.test_Addition_int_int()'>test_Addition_int_int<br/><b>Parameters:</b> TEST.Addition@1e893df, 1, 1</td>
<td>0</td>
<td></td>
</tr>
<tr>
<td title='TEST.Addition_JML_Test.test_Addition_int_int()'>test_Addition_int_int<br/><b>Parameters:</b> TEST.Addition@1e893df, 1, 1</td>
<td>0</td>
<td></td>
</tr>
<tr>
<td title='TEST.Addition_JML_Test.test_Addition_int_int()'>test_Addition_int_int<br/><b>Parameters:</b> TEST.Addition@1e893df, 1, 1</td>
<td>0</td>
<td></td>
</tr>
<tr>
<td title='TEST.Addition_JML_Test.test_Addition_int_int()'>test_Addition_int_int<br/><b>Parameters:</b> TEST.Addition@1e893df, 1, 1</td>
<td>0</td>
<td></td>
</tr>
<tr>
<td title='TEST.Addition_JML_Test.test_Addition_int_int()'>test_Addition_int_int<br/><b>Parameters:</b> TEST.Addition@1e893df, 1, 1</td>
<td>0</td>
<td></td>
</tr>
<tr>
<td title='TEST.Addition_JML_Test.test_add_int_int()'>test_add_int_int<br/><b>Parameters:</b> TEST.Addition@176c74b, 1, 1</td>
<td>0</td>
<td></td>
</tr>
<tr>
<td title='TEST.Addition_JML_Test.test_add_int_int()'>test_add_int_int<br/><b>Parameters:</b> TEST.Addition@176c74b, 1, 1</td>
<td>0</td>
<td></td>
</tr>
<tr>
<td title='TEST.Addition_JML_Test.test_add_int_int()'>test_add_int_int<br/><b>Parameters:</b> TEST.Addition@176c74b, 1, 1</td>
<td>0</td>
<td></td>
</tr>
<tr>
<td title='TEST.Addition_JML_Test.test_add_int_int()'>test_add_int_int<br/><b>Parameters:</b> TEST.Addition@176c74b, 1, 1</td>
<td>0</td>
<td></td>
</tr>
<tr>
<td title='TEST.Addition_JML_Test.test_add_int_int()'>test_add_int_int<br/><b>Parameters:</b> TEST.Addition@176c74b, 1, 1</td>
<td>0</td>
<td></td>
</tr>
<tr>
<td title='TEST.Addition_JML_Test.test_add_int_int()'>test_add_int_int<br/><b>Parameters:</b> TEST.Addition@176c74b, 1, 1</td>
<td>0</td>
<td></td>
</tr>
<tr>
<td title='TEST.Addition_JML_Test.test_add_int_int()'>test_add_int_int<br/><b>Parameters:</b> TEST.Addition@176c74b, 1, 1</td>
<td>0</td>
<td></td>
</tr>
<tr>
<td title='TEST.Addition_JML_Test.test_add_int_int()'>test_add_int_int<br/><b>Parameters:</b> TEST.Addition@176c74b, 1, 1</td>
<td>0</td>
<td></td>
</tr>
<tr>
<td title='TEST.Addition_JML_Test.test_main_StringArray()'>test_main_StringArray<br/><b>Parameters:</b> TEST.Addition@750159, [Ljava.lang.String;@18a7efd</td>
<td>0</td>
<td></td>
</tr>
<tr>
<td title='TEST.Addition_JML_Test.test_main_StringArray()'>test_main_StringArray<br/><b>Parameters:</b> TEST.Addition@750159, [Ljava.lang.String;@18a7efd</td>
<td>0</td>
<td></td>
</tr>
</table><p>
<table width='100%' border='1' class='invocation-skipped'>
<tr><td colspan='3' align='center'><b>SKIPPED TESTS</b></td></tr>
<tr><td><b>Test method</b></td>
<td width="10%"><b>Time (seconds)</b></td>
<td width="30%"><b>Exception</b></td>
</tr>
<tr>
<td title='TEST.Addition_JML_Test.test_Addition_int_int()'>test_Addition_int_int<br/><b>Parameters:</b> TEST.Addition@1e893df, 1, 1</td>
<td>0</td>
<td><div><pre>org.jmlspecs.jmlunitng.PreconditionSkipException: by method Addition.Addition
	at TEST.Addition_JML_Test.test_Addition_int_int(Addition_JML_Test.java:57)
... Removed 22 stack frames</pre></div><a href='#' onClick='toggleBox("stack-trace15431769", this, "Click to show all stack frames", "Click to hide stack frames")'>Click to show all stack frames</a>
<div class='stack-trace' id='stack-trace15431769'><pre>org.jmlspecs.jmlunitng.PreconditionSkipException: by method Addition.Addition
	at TEST.Addition_JML_Test.test_Addition_int_int(Addition_JML_Test.java:57)
	at sun.reflect.NativeMethodAccessorImpl.invoke0(Native Method)
	at sun.reflect.NativeMethodAccessorImpl.invoke(Unknown Source)
	at sun.reflect.DelegatingMethodAccessorImpl.invoke(Unknown Source)
	at java.lang.reflect.Method.invoke(Unknown Source)
	at org.testng.internal.MethodHelper.invokeMethod(MethodHelper.java:607)
	at org.testng.internal.Invoker.invokeMethod(Invoker.java:517)
	at org.testng.internal.Invoker.invokeTestMethod(Invoker.java:669)
	at org.testng.internal.Invoker.invokeTestMethods(Invoker.java:956)
	at org.testng.internal.TestMethodWorker.invokeTestMethods(TestMethodWorker.java:126)
	at org.testng.internal.TestMethodWorker.run(TestMethodWorker.java:110)
	at org.testng.TestRunner.runWorkers(TestRunner.java:759)
	at org.testng.TestRunner.privateRun(TestRunner.java:592)
	at org.testng.TestRunner.run(TestRunner.java:486)
	at org.testng.SuiteRunner.runTest(SuiteRunner.java:332)
	at org.testng.SuiteRunner.runSequentially(SuiteRunner.java:327)
	at org.testng.SuiteRunner.privateRun(SuiteRunner.java:299)
	at org.testng.SuiteRunner.run(SuiteRunner.java:204)
	at org.testng.TestNG.createAndRunSuiteRunners(TestNG.java:877)
	at org.testng.TestNG.runSuitesLocally(TestNG.java:842)
	at org.testng.TestNG.run(TestNG.java:751)
	at org.testng.remote.RemoteTestNG.run(RemoteTestNG.java:73)
	at org.testng.remote.RemoteTestNG.main(RemoteTestNG.java:124)
</pre></div></td>
</tr>
<tr>
<td title='TEST.Addition_JML_Test.test_Addition_int_int()'>test_Addition_int_int<br/><b>Parameters:</b> TEST.Addition@1e893df, 1, 1</td>
<td>0</td>
<td><div><pre>org.jmlspecs.jmlunitng.PreconditionSkipException: by method Addition.Addition
	at TEST.Addition_JML_Test.test_Addition_int_int(Addition_JML_Test.java:57)
... Removed 22 stack frames</pre></div><a href='#' onClick='toggleBox("stack-trace19551481", this, "Click to show all stack frames", "Click to hide stack frames")'>Click to show all stack frames</a>
<div class='stack-trace' id='stack-trace19551481'><pre>org.jmlspecs.jmlunitng.PreconditionSkipException: by method Addition.Addition
	at TEST.Addition_JML_Test.test_Addition_int_int(Addition_JML_Test.java:57)
	at sun.reflect.NativeMethodAccessorImpl.invoke0(Native Method)
	at sun.reflect.NativeMethodAccessorImpl.invoke(Unknown Source)
	at sun.reflect.DelegatingMethodAccessorImpl.invoke(Unknown Source)
	at java.lang.reflect.Method.invoke(Unknown Source)
	at org.testng.internal.MethodHelper.invokeMethod(MethodHelper.java:607)
	at org.testng.internal.Invoker.invokeMethod(Invoker.java:517)
	at org.testng.internal.Invoker.invokeTestMethod(Invoker.java:669)
	at org.testng.internal.Invoker.invokeTestMethods(Invoker.java:956)
	at org.testng.internal.TestMethodWorker.invokeTestMethods(TestMethodWorker.java:126)
	at org.testng.internal.TestMethodWorker.run(TestMethodWorker.java:110)
	at org.testng.TestRunner.runWorkers(TestRunner.java:759)
	at org.testng.TestRunner.privateRun(TestRunner.java:592)
	at org.testng.TestRunner.run(TestRunner.java:486)
	at org.testng.SuiteRunner.runTest(SuiteRunner.java:332)
	at org.testng.SuiteRunner.runSequentially(SuiteRunner.java:327)
	at org.testng.SuiteRunner.privateRun(SuiteRunner.java:299)
	at org.testng.SuiteRunner.run(SuiteRunner.java:204)
	at org.testng.TestNG.createAndRunSuiteRunners(TestNG.java:877)
	at org.testng.TestNG.runSuitesLocally(TestNG.java:842)
	at org.testng.TestNG.run(TestNG.java:751)
	at org.testng.remote.RemoteTestNG.run(RemoteTestNG.java:73)
	at org.testng.remote.RemoteTestNG.main(RemoteTestNG.java:124)
</pre></div></td>
</tr>
<tr>
<td title='TEST.Addition_JML_Test.test_Addition_int_int()'>test_Addition_int_int<br/><b>Parameters:</b> TEST.Addition@1e893df, 1, 1</td>
<td>0</td>
<td><div><pre>org.jmlspecs.jmlunitng.PreconditionSkipException: by method Addition.Addition
	at TEST.Addition_JML_Test.test_Addition_int_int(Addition_JML_Test.java:57)
... Removed 22 stack frames</pre></div><a href='#' onClick='toggleBox("stack-trace3203712", this, "Click to show all stack frames", "Click to hide stack frames")'>Click to show all stack frames</a>
<div class='stack-trace' id='stack-trace3203712'><pre>org.jmlspecs.jmlunitng.PreconditionSkipException: by method Addition.Addition
	at TEST.Addition_JML_Test.test_Addition_int_int(Addition_JML_Test.java:57)
	at sun.reflect.NativeMethodAccessorImpl.invoke0(Native Method)
	at sun.reflect.NativeMethodAccessorImpl.invoke(Unknown Source)
	at sun.reflect.DelegatingMethodAccessorImpl.invoke(Unknown Source)
	at java.lang.reflect.Method.invoke(Unknown Source)
	at org.testng.internal.MethodHelper.invokeMethod(MethodHelper.java:607)
	at org.testng.internal.Invoker.invokeMethod(Invoker.java:517)
	at org.testng.internal.Invoker.invokeTestMethod(Invoker.java:669)
	at org.testng.internal.Invoker.invokeTestMethods(Invoker.java:956)
	at org.testng.internal.TestMethodWorker.invokeTestMethods(TestMethodWorker.java:126)
	at org.testng.internal.TestMethodWorker.run(TestMethodWorker.java:110)
	at org.testng.TestRunner.runWorkers(TestRunner.java:759)
	at org.testng.TestRunner.privateRun(TestRunner.java:592)
	at org.testng.TestRunner.run(TestRunner.java:486)
	at org.testng.SuiteRunner.runTest(SuiteRunner.java:332)
	at org.testng.SuiteRunner.runSequentially(SuiteRunner.java:327)
	at org.testng.SuiteRunner.privateRun(SuiteRunner.java:299)
	at org.testng.SuiteRunner.run(SuiteRunner.java:204)
	at org.testng.TestNG.createAndRunSuiteRunners(TestNG.java:877)
	at org.testng.TestNG.runSuitesLocally(TestNG.java:842)
	at org.testng.TestNG.run(TestNG.java:751)
	at org.testng.remote.RemoteTestNG.run(RemoteTestNG.java:73)
	at org.testng.remote.RemoteTestNG.main(RemoteTestNG.java:124)
</pre></div></td>
</tr>
<tr>
<td title='TEST.Addition_JML_Test.test_Addition_int_int()'>test_Addition_int_int<br/><b>Parameters:</b> TEST.Addition@1e893df, 1, 1</td>
<td>0</td>
<td><div><pre>org.jmlspecs.jmlunitng.PreconditionSkipException: by method Addition.Addition
	at TEST.Addition_JML_Test.test_Addition_int_int(Addition_JML_Test.java:57)
... Removed 22 stack frames</pre></div><a href='#' onClick='toggleBox("stack-trace23491286", this, "Click to show all stack frames", "Click to hide stack frames")'>Click to show all stack frames</a>
<div class='stack-trace' id='stack-trace23491286'><pre>org.jmlspecs.jmlunitng.PreconditionSkipException: by method Addition.Addition
	at TEST.Addition_JML_Test.test_Addition_int_int(Addition_JML_Test.java:57)
	at sun.reflect.NativeMethodAccessorImpl.invoke0(Native Method)
	at sun.reflect.NativeMethodAccessorImpl.invoke(Unknown Source)
	at sun.reflect.DelegatingMethodAccessorImpl.invoke(Unknown Source)
	at java.lang.reflect.Method.invoke(Unknown Source)
	at org.testng.internal.MethodHelper.invokeMethod(MethodHelper.java:607)
	at org.testng.internal.Invoker.invokeMethod(Invoker.java:517)
	at org.testng.internal.Invoker.invokeTestMethod(Invoker.java:669)
	at org.testng.internal.Invoker.invokeTestMethods(Invoker.java:956)
	at org.testng.internal.TestMethodWorker.invokeTestMethods(TestMethodWorker.java:126)
	at org.testng.internal.TestMethodWorker.run(TestMethodWorker.java:110)
	at org.testng.TestRunner.runWorkers(TestRunner.java:759)
	at org.testng.TestRunner.privateRun(TestRunner.java:592)
	at org.testng.TestRunner.run(TestRunner.java:486)
	at org.testng.SuiteRunner.runTest(SuiteRunner.java:332)
	at org.testng.SuiteRunner.runSequentially(SuiteRunner.java:327)
	at org.testng.SuiteRunner.privateRun(SuiteRunner.java:299)
	at org.testng.SuiteRunner.run(SuiteRunner.java:204)
	at org.testng.TestNG.createAndRunSuiteRunners(TestNG.java:877)
	at org.testng.TestNG.runSuitesLocally(TestNG.java:842)
	at org.testng.TestNG.run(TestNG.java:751)
	at org.testng.remote.RemoteTestNG.run(RemoteTestNG.java:73)
	at org.testng.remote.RemoteTestNG.main(RemoteTestNG.java:124)
</pre></div></td>
</tr>
<tr>
<td title='TEST.Addition_JML_Test.test_Addition_int_int()'>test_Addition_int_int<br/><b>Parameters:</b> TEST.Addition@1e893df, 1, 1</td>
<td>0</td>
<td><div><pre>org.jmlspecs.jmlunitng.PreconditionSkipException: by method Addition.Addition
	at TEST.Addition_JML_Test.test_Addition_int_int(Addition_JML_Test.java:57)
... Removed 22 stack frames</pre></div><a href='#' onClick='toggleBox("stack-trace21061094", this, "Click to show all stack frames", "Click to hide stack frames")'>Click to show all stack frames</a>
<div class='stack-trace' id='stack-trace21061094'><pre>org.jmlspecs.jmlunitng.PreconditionSkipException: by method Addition.Addition
	at TEST.Addition_JML_Test.test_Addition_int_int(Addition_JML_Test.java:57)
	at sun.reflect.NativeMethodAccessorImpl.invoke0(Native Method)
	at sun.reflect.NativeMethodAccessorImpl.invoke(Unknown Source)
	at sun.reflect.DelegatingMethodAccessorImpl.invoke(Unknown Source)
	at java.lang.reflect.Method.invoke(Unknown Source)
	at org.testng.internal.MethodHelper.invokeMethod(MethodHelper.java:607)
	at org.testng.internal.Invoker.invokeMethod(Invoker.java:517)
	at org.testng.internal.Invoker.invokeTestMethod(Invoker.java:669)
	at org.testng.internal.Invoker.invokeTestMethods(Invoker.java:956)
	at org.testng.internal.TestMethodWorker.invokeTestMethods(TestMethodWorker.java:126)
	at org.testng.internal.TestMethodWorker.run(TestMethodWorker.java:110)
	at org.testng.TestRunner.runWorkers(TestRunner.java:759)
	at org.testng.TestRunner.privateRun(TestRunner.java:592)
	at org.testng.TestRunner.run(TestRunner.java:486)
	at org.testng.SuiteRunner.runTest(SuiteRunner.java:332)
	at org.testng.SuiteRunner.runSequentially(SuiteRunner.java:327)
	at org.testng.SuiteRunner.privateRun(SuiteRunner.java:299)
	at org.testng.SuiteRunner.run(SuiteRunner.java:204)
	at org.testng.TestNG.createAndRunSuiteRunners(TestNG.java:877)
	at org.testng.TestNG.runSuitesLocally(TestNG.java:842)
	at org.testng.TestNG.run(TestNG.java:751)
	at org.testng.remote.RemoteTestNG.run(RemoteTestNG.java:73)
	at org.testng.remote.RemoteTestNG.main(RemoteTestNG.java:124)
</pre></div></td>
</tr>
<tr>
<td title='TEST.Addition_JML_Test.test_Addition_int_int()'>test_Addition_int_int<br/><b>Parameters:</b> TEST.Addition@1e893df, 1, 1</td>
<td>0</td>
<td><div><pre>org.jmlspecs.jmlunitng.PreconditionSkipException: by method Addition.Addition
	at TEST.Addition_JML_Test.test_Addition_int_int(Addition_JML_Test.java:57)
... Removed 22 stack frames</pre></div><a href='#' onClick='toggleBox("stack-trace4469286", this, "Click to show all stack frames", "Click to hide stack frames")'>Click to show all stack frames</a>
<div class='stack-trace' id='stack-trace4469286'><pre>org.jmlspecs.jmlunitng.PreconditionSkipException: by method Addition.Addition
	at TEST.Addition_JML_Test.test_Addition_int_int(Addition_JML_Test.java:57)
	at sun.reflect.NativeMethodAccessorImpl.invoke0(Native Method)
	at sun.reflect.NativeMethodAccessorImpl.invoke(Unknown Source)
	at sun.reflect.DelegatingMethodAccessorImpl.invoke(Unknown Source)
	at java.lang.reflect.Method.invoke(Unknown Source)
	at org.testng.internal.MethodHelper.invokeMethod(MethodHelper.java:607)
	at org.testng.internal.Invoker.invokeMethod(Invoker.java:517)
	at org.testng.internal.Invoker.invokeTestMethod(Invoker.java:669)
	at org.testng.internal.Invoker.invokeTestMethods(Invoker.java:956)
	at org.testng.internal.TestMethodWorker.invokeTestMethods(TestMethodWorker.java:126)
	at org.testng.internal.TestMethodWorker.run(TestMethodWorker.java:110)
	at org.testng.TestRunner.runWorkers(TestRunner.java:759)
	at org.testng.TestRunner.privateRun(TestRunner.java:592)
	at org.testng.TestRunner.run(TestRunner.java:486)
	at org.testng.SuiteRunner.runTest(SuiteRunner.java:332)
	at org.testng.SuiteRunner.runSequentially(SuiteRunner.java:327)
	at org.testng.SuiteRunner.privateRun(SuiteRunner.java:299)
	at org.testng.SuiteRunner.run(SuiteRunner.java:204)
	at org.testng.TestNG.createAndRunSuiteRunners(TestNG.java:877)
	at org.testng.TestNG.runSuitesLocally(TestNG.java:842)
	at org.testng.TestNG.run(TestNG.java:751)
	at org.testng.remote.RemoteTestNG.run(RemoteTestNG.java:73)
	at org.testng.remote.RemoteTestNG.main(RemoteTestNG.java:124)
</pre></div></td>
</tr>
<tr>
<td title='TEST.Addition_JML_Test.test_Addition_int_int()'>test_Addition_int_int<br/><b>Parameters:</b> TEST.Addition@1e893df, 1, 1</td>
<td>0</td>
<td><div><pre>org.jmlspecs.jmlunitng.PreconditionSkipException: by method Addition.Addition
	at TEST.Addition_JML_Test.test_Addition_int_int(Addition_JML_Test.java:57)
... Removed 22 stack frames</pre></div><a href='#' onClick='toggleBox("stack-trace20471808", this, "Click to show all stack frames", "Click to hide stack frames")'>Click to show all stack frames</a>
<div class='stack-trace' id='stack-trace20471808'><pre>org.jmlspecs.jmlunitng.PreconditionSkipException: by method Addition.Addition
	at TEST.Addition_JML_Test.test_Addition_int_int(Addition_JML_Test.java:57)
	at sun.reflect.NativeMethodAccessorImpl.invoke0(Native Method)
	at sun.reflect.NativeMethodAccessorImpl.invoke(Unknown Source)
	at sun.reflect.DelegatingMethodAccessorImpl.invoke(Unknown Source)
	at java.lang.reflect.Method.invoke(Unknown Source)
	at org.testng.internal.MethodHelper.invokeMethod(MethodHelper.java:607)
	at org.testng.internal.Invoker.invokeMethod(Invoker.java:517)
	at org.testng.internal.Invoker.invokeTestMethod(Invoker.java:669)
	at org.testng.internal.Invoker.invokeTestMethods(Invoker.java:956)
	at org.testng.internal.TestMethodWorker.invokeTestMethods(TestMethodWorker.java:126)
	at org.testng.internal.TestMethodWorker.run(TestMethodWorker.java:110)
	at org.testng.TestRunner.runWorkers(TestRunner.java:759)
	at org.testng.TestRunner.privateRun(TestRunner.java:592)
	at org.testng.TestRunner.run(TestRunner.java:486)
	at org.testng.SuiteRunner.runTest(SuiteRunner.java:332)
	at org.testng.SuiteRunner.runSequentially(SuiteRunner.java:327)
	at org.testng.SuiteRunner.privateRun(SuiteRunner.java:299)
	at org.testng.SuiteRunner.run(SuiteRunner.java:204)
	at org.testng.TestNG.createAndRunSuiteRunners(TestNG.java:877)
	at org.testng.TestNG.runSuitesLocally(TestNG.java:842)
	at org.testng.TestNG.run(TestNG.java:751)
	at org.testng.remote.RemoteTestNG.run(RemoteTestNG.java:73)
	at org.testng.remote.RemoteTestNG.main(RemoteTestNG.java:124)
</pre></div></td>
</tr>
<tr>
<td title='TEST.Addition_JML_Test.test_Addition_int_int()'>test_Addition_int_int<br/><b>Parameters:</b> TEST.Addition@1e893df, 1, 1</td>
<td>0</td>
<td><div><pre>org.jmlspecs.jmlunitng.PreconditionSkipException: by method Addition.Addition
	at TEST.Addition_JML_Test.test_Addition_int_int(Addition_JML_Test.java:57)
... Removed 22 stack frames</pre></div><a href='#' onClick='toggleBox("stack-trace2544881", this, "Click to show all stack frames", "Click to hide stack frames")'>Click to show all stack frames</a>
<div class='stack-trace' id='stack-trace2544881'><pre>org.jmlspecs.jmlunitng.PreconditionSkipException: by method Addition.Addition
	at TEST.Addition_JML_Test.test_Addition_int_int(Addition_JML_Test.java:57)
	at sun.reflect.NativeMethodAccessorImpl.invoke0(Native Method)
	at sun.reflect.NativeMethodAccessorImpl.invoke(Unknown Source)
	at sun.reflect.DelegatingMethodAccessorImpl.invoke(Unknown Source)
	at java.lang.reflect.Method.invoke(Unknown Source)
	at org.testng.internal.MethodHelper.invokeMethod(MethodHelper.java:607)
	at org.testng.internal.Invoker.invokeMethod(Invoker.java:517)
	at org.testng.internal.Invoker.invokeTestMethod(Invoker.java:669)
	at org.testng.internal.Invoker.invokeTestMethods(Invoker.java:956)
	at org.testng.internal.TestMethodWorker.invokeTestMethods(TestMethodWorker.java:126)
	at org.testng.internal.TestMethodWorker.run(TestMethodWorker.java:110)
	at org.testng.TestRunner.runWorkers(TestRunner.java:759)
	at org.testng.TestRunner.privateRun(TestRunner.java:592)
	at org.testng.TestRunner.run(TestRunner.java:486)
	at org.testng.SuiteRunner.runTest(SuiteRunner.java:332)
	at org.testng.SuiteRunner.runSequentially(SuiteRunner.java:327)
	at org.testng.SuiteRunner.privateRun(SuiteRunner.java:299)
	at org.testng.SuiteRunner.run(SuiteRunner.java:204)
	at org.testng.TestNG.createAndRunSuiteRunners(TestNG.java:877)
	at org.testng.TestNG.runSuitesLocally(TestNG.java:842)
	at org.testng.TestNG.run(TestNG.java:751)
	at org.testng.remote.RemoteTestNG.run(RemoteTestNG.java:73)
	at org.testng.remote.RemoteTestNG.main(RemoteTestNG.java:124)
</pre></div></td>
</tr>
<tr>
<td title='TEST.Addition_JML_Test.test_Addition_int_int()'>test_Addition_int_int<br/><b>Parameters:</b> TEST.Addition@1e893df, 1, 1</td>
<td>0</td>
<td><div><pre>org.jmlspecs.jmlunitng.PreconditionSkipException: by method Addition.Addition
	at TEST.Addition_JML_Test.test_Addition_int_int(Addition_JML_Test.java:57)
... Removed 22 stack frames</pre></div><a href='#' onClick='toggleBox("stack-trace23473608", this, "Click to show all stack frames", "Click to hide stack frames")'>Click to show all stack frames</a>
<div class='stack-trace' id='stack-trace23473608'><pre>org.jmlspecs.jmlunitng.PreconditionSkipException: by method Addition.Addition
	at TEST.Addition_JML_Test.test_Addition_int_int(Addition_JML_Test.java:57)
	at sun.reflect.NativeMethodAccessorImpl.invoke0(Native Method)
	at sun.reflect.NativeMethodAccessorImpl.invoke(Unknown Source)
	at sun.reflect.DelegatingMethodAccessorImpl.invoke(Unknown Source)
	at java.lang.reflect.Method.invoke(Unknown Source)
	at org.testng.internal.MethodHelper.invokeMethod(MethodHelper.java:607)
	at org.testng.internal.Invoker.invokeMethod(Invoker.java:517)
	at org.testng.internal.Invoker.invokeTestMethod(Invoker.java:669)
	at org.testng.internal.Invoker.invokeTestMethods(Invoker.java:956)
	at org.testng.internal.TestMethodWorker.invokeTestMethods(TestMethodWorker.java:126)
	at org.testng.internal.TestMethodWorker.run(TestMethodWorker.java:110)
	at org.testng.TestRunner.runWorkers(TestRunner.java:759)
	at org.testng.TestRunner.privateRun(TestRunner.java:592)
	at org.testng.TestRunner.run(TestRunner.java:486)
	at org.testng.SuiteRunner.runTest(SuiteRunner.java:332)
	at org.testng.SuiteRunner.runSequentially(SuiteRunner.java:327)
	at org.testng.SuiteRunner.privateRun(SuiteRunner.java:299)
	at org.testng.SuiteRunner.run(SuiteRunner.java:204)
	at org.testng.TestNG.createAndRunSuiteRunners(TestNG.java:877)
	at org.testng.TestNG.runSuitesLocally(TestNG.java:842)
	at org.testng.TestNG.run(TestNG.java:751)
	at org.testng.remote.RemoteTestNG.run(RemoteTestNG.java:73)
	at org.testng.remote.RemoteTestNG.main(RemoteTestNG.java:124)
</pre></div></td>
</tr>
<tr>
<td title='TEST.Addition_JML_Test.test_Addition_int_int()'>test_Addition_int_int<br/><b>Parameters:</b> TEST.Addition@1e893df, 1, 1</td>
<td>0</td>
<td><div><pre>org.jmlspecs.jmlunitng.PreconditionSkipException: by method Addition.Addition
	at TEST.Addition_JML_Test.test_Addition_int_int(Addition_JML_Test.java:57)
... Removed 22 stack frames</pre></div><a href='#' onClick='toggleBox("stack-trace28057572", this, "Click to show all stack frames", "Click to hide stack frames")'>Click to show all stack frames</a>
<div class='stack-trace' id='stack-trace28057572'><pre>org.jmlspecs.jmlunitng.PreconditionSkipException: by method Addition.Addition
	at TEST.Addition_JML_Test.test_Addition_int_int(Addition_JML_Test.java:57)
	at sun.reflect.NativeMethodAccessorImpl.invoke0(Native Method)
	at sun.reflect.NativeMethodAccessorImpl.invoke(Unknown Source)
	at sun.reflect.DelegatingMethodAccessorImpl.invoke(Unknown Source)
	at java.lang.reflect.Method.invoke(Unknown Source)
	at org.testng.internal.MethodHelper.invokeMethod(MethodHelper.java:607)
	at org.testng.internal.Invoker.invokeMethod(Invoker.java:517)
	at org.testng.internal.Invoker.invokeTestMethod(Invoker.java:669)
	at org.testng.internal.Invoker.invokeTestMethods(Invoker.java:956)
	at org.testng.internal.TestMethodWorker.invokeTestMethods(TestMethodWorker.java:126)
	at org.testng.internal.TestMethodWorker.run(TestMethodWorker.java:110)
	at org.testng.TestRunner.runWorkers(TestRunner.java:759)
	at org.testng.TestRunner.privateRun(TestRunner.java:592)
	at org.testng.TestRunner.run(TestRunner.java:486)
	at org.testng.SuiteRunner.runTest(SuiteRunner.java:332)
	at org.testng.SuiteRunner.runSequentially(SuiteRunner.java:327)
	at org.testng.SuiteRunner.privateRun(SuiteRunner.java:299)
	at org.testng.SuiteRunner.run(SuiteRunner.java:204)
	at org.testng.TestNG.createAndRunSuiteRunners(TestNG.java:877)
	at org.testng.TestNG.runSuitesLocally(TestNG.java:842)
	at org.testng.TestNG.run(TestNG.java:751)
	at org.testng.remote.RemoteTestNG.run(RemoteTestNG.java:73)
	at org.testng.remote.RemoteTestNG.main(RemoteTestNG.java:124)
</pre></div></td>
</tr>
<tr>
<td title='TEST.Addition_JML_Test.test_add_int_int()'>test_add_int_int<br/><b>Parameters:</b> TEST.Addition@176c74b, 1, 1</td>
<td>0</td>
<td><div><pre>org.jmlspecs.jmlunitng.PreconditionSkipException: by method Addition.add
	at TEST.Addition_JML_Test.test_add_int_int(Addition_JML_Test.java:80)
... Removed 22 stack frames</pre></div><a href='#' onClick='toggleBox("stack-trace14651377", this, "Click to show all stack frames", "Click to hide stack frames")'>Click to show all stack frames</a>
<div class='stack-trace' id='stack-trace14651377'><pre>org.jmlspecs.jmlunitng.PreconditionSkipException: by method Addition.add
	at TEST.Addition_JML_Test.test_add_int_int(Addition_JML_Test.java:80)
	at sun.reflect.NativeMethodAccessorImpl.invoke0(Native Method)
	at sun.reflect.NativeMethodAccessorImpl.invoke(Unknown Source)
	at sun.reflect.DelegatingMethodAccessorImpl.invoke(Unknown Source)
	at java.lang.reflect.Method.invoke(Unknown Source)
	at org.testng.internal.MethodHelper.invokeMethod(MethodHelper.java:607)
	at org.testng.internal.Invoker.invokeMethod(Invoker.java:517)
	at org.testng.internal.Invoker.invokeTestMethod(Invoker.java:669)
	at org.testng.internal.Invoker.invokeTestMethods(Invoker.java:956)
	at org.testng.internal.TestMethodWorker.invokeTestMethods(TestMethodWorker.java:126)
	at org.testng.internal.TestMethodWorker.run(TestMethodWorker.java:110)
	at org.testng.TestRunner.runWorkers(TestRunner.java:759)
	at org.testng.TestRunner.privateRun(TestRunner.java:592)
	at org.testng.TestRunner.run(TestRunner.java:486)
	at org.testng.SuiteRunner.runTest(SuiteRunner.java:332)
	at org.testng.SuiteRunner.runSequentially(SuiteRunner.java:327)
	at org.testng.SuiteRunner.privateRun(SuiteRunner.java:299)
	at org.testng.SuiteRunner.run(SuiteRunner.java:204)
	at org.testng.TestNG.createAndRunSuiteRunners(TestNG.java:877)
	at org.testng.TestNG.runSuitesLocally(TestNG.java:842)
	at org.testng.TestNG.run(TestNG.java:751)
	at org.testng.remote.RemoteTestNG.run(RemoteTestNG.java:73)
	at org.testng.remote.RemoteTestNG.main(RemoteTestNG.java:124)
</pre></div></td>
</tr>
<tr>
<td title='TEST.Addition_JML_Test.test_add_int_int()'>test_add_int_int<br/><b>Parameters:</b> TEST.Addition@176c74b, 1, 1</td>
<td>0</td>
<td><div><pre>org.jmlspecs.jmlunitng.PreconditionSkipException: by method Addition.add
	at TEST.Addition_JML_Test.test_add_int_int(Addition_JML_Test.java:80)
... Removed 22 stack frames</pre></div><a href='#' onClick='toggleBox("stack-trace23276589", this, "Click to show all stack frames", "Click to hide stack frames")'>Click to show all stack frames</a>
<div class='stack-trace' id='stack-trace23276589'><pre>org.jmlspecs.jmlunitng.PreconditionSkipException: by method Addition.add
	at TEST.Addition_JML_Test.test_add_int_int(Addition_JML_Test.java:80)
	at sun.reflect.NativeMethodAccessorImpl.invoke0(Native Method)
	at sun.reflect.NativeMethodAccessorImpl.invoke(Unknown Source)
	at sun.reflect.DelegatingMethodAccessorImpl.invoke(Unknown Source)
	at java.lang.reflect.Method.invoke(Unknown Source)
	at org.testng.internal.MethodHelper.invokeMethod(MethodHelper.java:607)
	at org.testng.internal.Invoker.invokeMethod(Invoker.java:517)
	at org.testng.internal.Invoker.invokeTestMethod(Invoker.java:669)
	at org.testng.internal.Invoker.invokeTestMethods(Invoker.java:956)
	at org.testng.internal.TestMethodWorker.invokeTestMethods(TestMethodWorker.java:126)
	at org.testng.internal.TestMethodWorker.run(TestMethodWorker.java:110)
	at org.testng.TestRunner.runWorkers(TestRunner.java:759)
	at org.testng.TestRunner.privateRun(TestRunner.java:592)
	at org.testng.TestRunner.run(TestRunner.java:486)
	at org.testng.SuiteRunner.runTest(SuiteRunner.java:332)
	at org.testng.SuiteRunner.runSequentially(SuiteRunner.java:327)
	at org.testng.SuiteRunner.privateRun(SuiteRunner.java:299)
	at org.testng.SuiteRunner.run(SuiteRunner.java:204)
	at org.testng.TestNG.createAndRunSuiteRunners(TestNG.java:877)
	at org.testng.TestNG.runSuitesLocally(TestNG.java:842)
	at org.testng.TestNG.run(TestNG.java:751)
	at org.testng.remote.RemoteTestNG.run(RemoteTestNG.java:73)
	at org.testng.remote.RemoteTestNG.main(RemoteTestNG.java:124)
</pre></div></td>
</tr>
<tr>
<td title='TEST.Addition_JML_Test.test_add_int_int()'>test_add_int_int<br/><b>Parameters:</b> TEST.Addition@176c74b, 1, 1</td>
<td>0</td>
<td><div><pre>org.jmlspecs.jmlunitng.PreconditionSkipException: by method Addition.add
	at TEST.Addition_JML_Test.test_add_int_int(Addition_JML_Test.java:80)
... Removed 22 stack frames</pre></div><a href='#' onClick='toggleBox("stack-trace32077430", this, "Click to show all stack frames", "Click to hide stack frames")'>Click to show all stack frames</a>
<div class='stack-trace' id='stack-trace32077430'><pre>org.jmlspecs.jmlunitng.PreconditionSkipException: by method Addition.add
	at TEST.Addition_JML_Test.test_add_int_int(Addition_JML_Test.java:80)
	at sun.reflect.NativeMethodAccessorImpl.invoke0(Native Method)
	at sun.reflect.NativeMethodAccessorImpl.invoke(Unknown Source)
	at sun.reflect.DelegatingMethodAccessorImpl.invoke(Unknown Source)
	at java.lang.reflect.Method.invoke(Unknown Source)
	at org.testng.internal.MethodHelper.invokeMethod(MethodHelper.java:607)
	at org.testng.internal.Invoker.invokeMethod(Invoker.java:517)
	at org.testng.internal.Invoker.invokeTestMethod(Invoker.java:669)
	at org.testng.internal.Invoker.invokeTestMethods(Invoker.java:956)
	at org.testng.internal.TestMethodWorker.invokeTestMethods(TestMethodWorker.java:126)
	at org.testng.internal.TestMethodWorker.run(TestMethodWorker.java:110)
	at org.testng.TestRunner.runWorkers(TestRunner.java:759)
	at org.testng.TestRunner.privateRun(TestRunner.java:592)
	at org.testng.TestRunner.run(TestRunner.java:486)
	at org.testng.SuiteRunner.runTest(SuiteRunner.java:332)
	at org.testng.SuiteRunner.runSequentially(SuiteRunner.java:327)
	at org.testng.SuiteRunner.privateRun(SuiteRunner.java:299)
	at org.testng.SuiteRunner.run(SuiteRunner.java:204)
	at org.testng.TestNG.createAndRunSuiteRunners(TestNG.java:877)
	at org.testng.TestNG.runSuitesLocally(TestNG.java:842)
	at org.testng.TestNG.run(TestNG.java:751)
	at org.testng.remote.RemoteTestNG.run(RemoteTestNG.java:73)
	at org.testng.remote.RemoteTestNG.main(RemoteTestNG.java:124)
</pre></div></td>
</tr>
<tr>
<td title='TEST.Addition_JML_Test.test_add_int_int()'>test_add_int_int<br/><b>Parameters:</b> TEST.Addition@176c74b, 1, 1</td>
<td>0</td>
<td><div><pre>org.jmlspecs.jmlunitng.PreconditionSkipException: by method Addition.add
	at TEST.Addition_JML_Test.test_add_int_int(Addition_JML_Test.java:80)
... Removed 22 stack frames</pre></div><a href='#' onClick='toggleBox("stack-trace6308367", this, "Click to show all stack frames", "Click to hide stack frames")'>Click to show all stack frames</a>
<div class='stack-trace' id='stack-trace6308367'><pre>org.jmlspecs.jmlunitng.PreconditionSkipException: by method Addition.add
	at TEST.Addition_JML_Test.test_add_int_int(Addition_JML_Test.java:80)
	at sun.reflect.NativeMethodAccessorImpl.invoke0(Native Method)
	at sun.reflect.NativeMethodAccessorImpl.invoke(Unknown Source)
	at sun.reflect.DelegatingMethodAccessorImpl.invoke(Unknown Source)
	at java.lang.reflect.Method.invoke(Unknown Source)
	at org.testng.internal.MethodHelper.invokeMethod(MethodHelper.java:607)
	at org.testng.internal.Invoker.invokeMethod(Invoker.java:517)
	at org.testng.internal.Invoker.invokeTestMethod(Invoker.java:669)
	at org.testng.internal.Invoker.invokeTestMethods(Invoker.java:956)
	at org.testng.internal.TestMethodWorker.invokeTestMethods(TestMethodWorker.java:126)
	at org.testng.internal.TestMethodWorker.run(TestMethodWorker.java:110)
	at org.testng.TestRunner.runWorkers(TestRunner.java:759)
	at org.testng.TestRunner.privateRun(TestRunner.java:592)
	at org.testng.TestRunner.run(TestRunner.java:486)
	at org.testng.SuiteRunner.runTest(SuiteRunner.java:332)
	at org.testng.SuiteRunner.runSequentially(SuiteRunner.java:327)
	at org.testng.SuiteRunner.privateRun(SuiteRunner.java:299)
	at org.testng.SuiteRunner.run(SuiteRunner.java:204)
	at org.testng.TestNG.createAndRunSuiteRunners(TestNG.java:877)
	at org.testng.TestNG.runSuitesLocally(TestNG.java:842)
	at org.testng.TestNG.run(TestNG.java:751)
	at org.testng.remote.RemoteTestNG.run(RemoteTestNG.java:73)
	at org.testng.remote.RemoteTestNG.main(RemoteTestNG.java:124)
</pre></div></td>
</tr>
<tr>
<td title='TEST.Addition_JML_Test.test_add_int_int()'>test_add_int_int<br/><b>Parameters:</b> TEST.Addition@176c74b, 1, 1</td>
<td>0</td>
<td><div><pre>org.jmlspecs.jmlunitng.PreconditionSkipException: by method Addition.add
	at TEST.Addition_JML_Test.test_add_int_int(Addition_JML_Test.java:80)
... Removed 22 stack frames</pre></div><a href='#' onClick='toggleBox("stack-trace30721564", this, "Click to show all stack frames", "Click to hide stack frames")'>Click to show all stack frames</a>
<div class='stack-trace' id='stack-trace30721564'><pre>org.jmlspecs.jmlunitng.PreconditionSkipException: by method Addition.add
	at TEST.Addition_JML_Test.test_add_int_int(Addition_JML_Test.java:80)
	at sun.reflect.NativeMethodAccessorImpl.invoke0(Native Method)
	at sun.reflect.NativeMethodAccessorImpl.invoke(Unknown Source)
	at sun.reflect.DelegatingMethodAccessorImpl.invoke(Unknown Source)
	at java.lang.reflect.Method.invoke(Unknown Source)
	at org.testng.internal.MethodHelper.invokeMethod(MethodHelper.java:607)
	at org.testng.internal.Invoker.invokeMethod(Invoker.java:517)
	at org.testng.internal.Invoker.invokeTestMethod(Invoker.java:669)
	at org.testng.internal.Invoker.invokeTestMethods(Invoker.java:956)
	at org.testng.internal.TestMethodWorker.invokeTestMethods(TestMethodWorker.java:126)
	at org.testng.internal.TestMethodWorker.run(TestMethodWorker.java:110)
	at org.testng.TestRunner.runWorkers(TestRunner.java:759)
	at org.testng.TestRunner.privateRun(TestRunner.java:592)
	at org.testng.TestRunner.run(TestRunner.java:486)
	at org.testng.SuiteRunner.runTest(SuiteRunner.java:332)
	at org.testng.SuiteRunner.runSequentially(SuiteRunner.java:327)
	at org.testng.SuiteRunner.privateRun(SuiteRunner.java:299)
	at org.testng.SuiteRunner.run(SuiteRunner.java:204)
	at org.testng.TestNG.createAndRunSuiteRunners(TestNG.java:877)
	at org.testng.TestNG.runSuitesLocally(TestNG.java:842)
	at org.testng.TestNG.run(TestNG.java:751)
	at org.testng.remote.RemoteTestNG.run(RemoteTestNG.java:73)
	at org.testng.remote.RemoteTestNG.main(RemoteTestNG.java:124)
</pre></div></td>
</tr>
<tr>
<td title='TEST.Addition_JML_Test.test_add_int_int()'>test_add_int_int<br/><b>Parameters:</b> TEST.Addition@176c74b, 1, 1</td>
<td>0</td>
<td><div><pre>org.jmlspecs.jmlunitng.PreconditionSkipException: by method Addition.add
	at TEST.Addition_JML_Test.test_add_int_int(Addition_JML_Test.java:80)
... Removed 22 stack frames</pre></div><a href='#' onClick='toggleBox("stack-trace18237215", this, "Click to show all stack frames", "Click to hide stack frames")'>Click to show all stack frames</a>
<div class='stack-trace' id='stack-trace18237215'><pre>org.jmlspecs.jmlunitng.PreconditionSkipException: by method Addition.add
	at TEST.Addition_JML_Test.test_add_int_int(Addition_JML_Test.java:80)
	at sun.reflect.NativeMethodAccessorImpl.invoke0(Native Method)
	at sun.reflect.NativeMethodAccessorImpl.invoke(Unknown Source)
	at sun.reflect.DelegatingMethodAccessorImpl.invoke(Unknown Source)
	at java.lang.reflect.Method.invoke(Unknown Source)
	at org.testng.internal.MethodHelper.invokeMethod(MethodHelper.java:607)
	at org.testng.internal.Invoker.invokeMethod(Invoker.java:517)
	at org.testng.internal.Invoker.invokeTestMethod(Invoker.java:669)
	at org.testng.internal.Invoker.invokeTestMethods(Invoker.java:956)
	at org.testng.internal.TestMethodWorker.invokeTestMethods(TestMethodWorker.java:126)
	at org.testng.internal.TestMethodWorker.run(TestMethodWorker.java:110)
	at org.testng.TestRunner.runWorkers(TestRunner.java:759)
	at org.testng.TestRunner.privateRun(TestRunner.java:592)
	at org.testng.TestRunner.run(TestRunner.java:486)
	at org.testng.SuiteRunner.runTest(SuiteRunner.java:332)
	at org.testng.SuiteRunner.runSequentially(SuiteRunner.java:327)
	at org.testng.SuiteRunner.privateRun(SuiteRunner.java:299)
	at org.testng.SuiteRunner.run(SuiteRunner.java:204)
	at org.testng.TestNG.createAndRunSuiteRunners(TestNG.java:877)
	at org.testng.TestNG.runSuitesLocally(TestNG.java:842)
	at org.testng.TestNG.run(TestNG.java:751)
	at org.testng.remote.RemoteTestNG.run(RemoteTestNG.java:73)
	at org.testng.remote.RemoteTestNG.main(RemoteTestNG.java:124)
</pre></div></td>
</tr>
<tr>
<td title='TEST.Addition_JML_Test.test_add_int_int()'>test_add_int_int<br/><b>Parameters:</b> TEST.Addition@176c74b, 1, 1</td>
<td>0</td>
<td><div><pre>org.jmlspecs.jmlunitng.PreconditionSkipException: by method Addition.add
	at TEST.Addition_JML_Test.test_add_int_int(Addition_JML_Test.java:80)
... Removed 22 stack frames</pre></div><a href='#' onClick='toggleBox("stack-trace26696537", this, "Click to show all stack frames", "Click to hide stack frames")'>Click to show all stack frames</a>
<div class='stack-trace' id='stack-trace26696537'><pre>org.jmlspecs.jmlunitng.PreconditionSkipException: by method Addition.add
	at TEST.Addition_JML_Test.test_add_int_int(Addition_JML_Test.java:80)
	at sun.reflect.NativeMethodAccessorImpl.invoke0(Native Method)
	at sun.reflect.NativeMethodAccessorImpl.invoke(Unknown Source)
	at sun.reflect.DelegatingMethodAccessorImpl.invoke(Unknown Source)
	at java.lang.reflect.Method.invoke(Unknown Source)
	at org.testng.internal.MethodHelper.invokeMethod(MethodHelper.java:607)
	at org.testng.internal.Invoker.invokeMethod(Invoker.java:517)
	at org.testng.internal.Invoker.invokeTestMethod(Invoker.java:669)
	at org.testng.internal.Invoker.invokeTestMethods(Invoker.java:956)
	at org.testng.internal.TestMethodWorker.invokeTestMethods(TestMethodWorker.java:126)
	at org.testng.internal.TestMethodWorker.run(TestMethodWorker.java:110)
	at org.testng.TestRunner.runWorkers(TestRunner.java:759)
	at org.testng.TestRunner.privateRun(TestRunner.java:592)
	at org.testng.TestRunner.run(TestRunner.java:486)
	at org.testng.SuiteRunner.runTest(SuiteRunner.java:332)
	at org.testng.SuiteRunner.runSequentially(SuiteRunner.java:327)
	at org.testng.SuiteRunner.privateRun(SuiteRunner.java:299)
	at org.testng.SuiteRunner.run(SuiteRunner.java:204)
	at org.testng.TestNG.createAndRunSuiteRunners(TestNG.java:877)
	at org.testng.TestNG.runSuitesLocally(TestNG.java:842)
	at org.testng.TestNG.run(TestNG.java:751)
	at org.testng.remote.RemoteTestNG.run(RemoteTestNG.java:73)
	at org.testng.remote.RemoteTestNG.main(RemoteTestNG.java:124)
</pre></div></td>
</tr>
<tr>
<td title='TEST.Addition_JML_Test.test_add_int_int()'>test_add_int_int<br/><b>Parameters:</b> TEST.Addition@176c74b, 1, 1</td>
<td>0</td>
<td><div><pre>org.jmlspecs.jmlunitng.PreconditionSkipException: by method Addition.add
	at TEST.Addition_JML_Test.test_add_int_int(Addition_JML_Test.java:80)
... Removed 22 stack frames</pre></div><a href='#' onClick='toggleBox("stack-trace32389396", this, "Click to show all stack frames", "Click to hide stack frames")'>Click to show all stack frames</a>
<div class='stack-trace' id='stack-trace32389396'><pre>org.jmlspecs.jmlunitng.PreconditionSkipException: by method Addition.add
	at TEST.Addition_JML_Test.test_add_int_int(Addition_JML_Test.java:80)
	at sun.reflect.NativeMethodAccessorImpl.invoke0(Native Method)
	at sun.reflect.NativeMethodAccessorImpl.invoke(Unknown Source)
	at sun.reflect.DelegatingMethodAccessorImpl.invoke(Unknown Source)
	at java.lang.reflect.Method.invoke(Unknown Source)
	at org.testng.internal.MethodHelper.invokeMethod(MethodHelper.java:607)
	at org.testng.internal.Invoker.invokeMethod(Invoker.java:517)
	at org.testng.internal.Invoker.invokeTestMethod(Invoker.java:669)
	at org.testng.internal.Invoker.invokeTestMethods(Invoker.java:956)
	at org.testng.internal.TestMethodWorker.invokeTestMethods(TestMethodWorker.java:126)
	at org.testng.internal.TestMethodWorker.run(TestMethodWorker.java:110)
	at org.testng.TestRunner.runWorkers(TestRunner.java:759)
	at org.testng.TestRunner.privateRun(TestRunner.java:592)
	at org.testng.TestRunner.run(TestRunner.java:486)
	at org.testng.SuiteRunner.runTest(SuiteRunner.java:332)
	at org.testng.SuiteRunner.runSequentially(SuiteRunner.java:327)
	at org.testng.SuiteRunner.privateRun(SuiteRunner.java:299)
	at org.testng.SuiteRunner.run(SuiteRunner.java:204)
	at org.testng.TestNG.createAndRunSuiteRunners(TestNG.java:877)
	at org.testng.TestNG.runSuitesLocally(TestNG.java:842)
	at org.testng.TestNG.run(TestNG.java:751)
	at org.testng.remote.RemoteTestNG.run(RemoteTestNG.java:73)
	at org.testng.remote.RemoteTestNG.main(RemoteTestNG.java:124)
</pre></div></td>
</tr>
<tr>
<td title='TEST.Addition_JML_Test.test_add_int_int()'>test_add_int_int<br/><b>Parameters:</b> TEST.Addition@176c74b, 1, 1</td>
<td>0</td>
<td><div><pre>org.jmlspecs.jmlunitng.PreconditionSkipException: by method Addition.add
	at TEST.Addition_JML_Test.test_add_int_int(Addition_JML_Test.java:80)
... Removed 22 stack frames</pre></div><a href='#' onClick='toggleBox("stack-trace15041882", this, "Click to show all stack frames", "Click to hide stack frames")'>Click to show all stack frames</a>
<div class='stack-trace' id='stack-trace15041882'><pre>org.jmlspecs.jmlunitng.PreconditionSkipException: by method Addition.add
	at TEST.Addition_JML_Test.test_add_int_int(Addition_JML_Test.java:80)
	at sun.reflect.NativeMethodAccessorImpl.invoke0(Native Method)
	at sun.reflect.NativeMethodAccessorImpl.invoke(Unknown Source)
	at sun.reflect.DelegatingMethodAccessorImpl.invoke(Unknown Source)
	at java.lang.reflect.Method.invoke(Unknown Source)
	at org.testng.internal.MethodHelper.invokeMethod(MethodHelper.java:607)
	at org.testng.internal.Invoker.invokeMethod(Invoker.java:517)
	at org.testng.internal.Invoker.invokeTestMethod(Invoker.java:669)
	at org.testng.internal.Invoker.invokeTestMethods(Invoker.java:956)
	at org.testng.internal.TestMethodWorker.invokeTestMethods(TestMethodWorker.java:126)
	at org.testng.internal.TestMethodWorker.run(TestMethodWorker.java:110)
	at org.testng.TestRunner.runWorkers(TestRunner.java:759)
	at org.testng.TestRunner.privateRun(TestRunner.java:592)
	at org.testng.TestRunner.run(TestRunner.java:486)
	at org.testng.SuiteRunner.runTest(SuiteRunner.java:332)
	at org.testng.SuiteRunner.runSequentially(SuiteRunner.java:327)
	at org.testng.SuiteRunner.privateRun(SuiteRunner.java:299)
	at org.testng.SuiteRunner.run(SuiteRunner.java:204)
	at org.testng.TestNG.createAndRunSuiteRunners(TestNG.java:877)
	at org.testng.TestNG.runSuitesLocally(TestNG.java:842)
	at org.testng.TestNG.run(TestNG.java:751)
	at org.testng.remote.RemoteTestNG.run(RemoteTestNG.java:73)
	at org.testng.remote.RemoteTestNG.main(RemoteTestNG.java:124)
</pre></div></td>
</tr>
<tr>
<td title='TEST.Addition_JML_Test.test_add_int_int()'>test_add_int_int<br/><b>Parameters:</b> TEST.Addition@176c74b, 1, 1</td>
<td>0</td>
<td><div><pre>org.jmlspecs.jmlunitng.PreconditionSkipException: by method Addition.add
	at TEST.Addition_JML_Test.test_add_int_int(Addition_JML_Test.java:80)
... Removed 22 stack frames</pre></div><a href='#' onClick='toggleBox("stack-trace32591083", this, "Click to show all stack frames", "Click to hide stack frames")'>Click to show all stack frames</a>
<div class='stack-trace' id='stack-trace32591083'><pre>org.jmlspecs.jmlunitng.PreconditionSkipException: by method Addition.add
	at TEST.Addition_JML_Test.test_add_int_int(Addition_JML_Test.java:80)
	at sun.reflect.NativeMethodAccessorImpl.invoke0(Native Method)
	at sun.reflect.NativeMethodAccessorImpl.invoke(Unknown Source)
	at sun.reflect.DelegatingMethodAccessorImpl.invoke(Unknown Source)
	at java.lang.reflect.Method.invoke(Unknown Source)
	at org.testng.internal.MethodHelper.invokeMethod(MethodHelper.java:607)
	at org.testng.internal.Invoker.invokeMethod(Invoker.java:517)
	at org.testng.internal.Invoker.invokeTestMethod(Invoker.java:669)
	at org.testng.internal.Invoker.invokeTestMethods(Invoker.java:956)
	at org.testng.internal.TestMethodWorker.invokeTestMethods(TestMethodWorker.java:126)
	at org.testng.internal.TestMethodWorker.run(TestMethodWorker.java:110)
	at org.testng.TestRunner.runWorkers(TestRunner.java:759)
	at org.testng.TestRunner.privateRun(TestRunner.java:592)
	at org.testng.TestRunner.run(TestRunner.java:486)
	at org.testng.SuiteRunner.runTest(SuiteRunner.java:332)
	at org.testng.SuiteRunner.runSequentially(SuiteRunner.java:327)
	at org.testng.SuiteRunner.privateRun(SuiteRunner.java:299)
	at org.testng.SuiteRunner.run(SuiteRunner.java:204)
	at org.testng.TestNG.createAndRunSuiteRunners(TestNG.java:877)
	at org.testng.TestNG.runSuitesLocally(TestNG.java:842)
	at org.testng.TestNG.run(TestNG.java:751)
	at org.testng.remote.RemoteTestNG.run(RemoteTestNG.java:73)
	at org.testng.remote.RemoteTestNG.main(RemoteTestNG.java:124)
</pre></div></td>
</tr>
<tr>
<td title='TEST.Addition_JML_Test.test_main_StringArray()'>test_main_StringArray<br/><b>Parameters:</b> TEST.Addition@750159, [Ljava.lang.String;@18a7efd</td>
<td>0</td>
<td><div><pre>org.jmlspecs.jmlunitng.PreconditionSkipException: by method Addition.main
	at TEST.Addition_JML_Test.test_main_StringArray(Addition_JML_Test.java:102)
... Removed 22 stack frames</pre></div><a href='#' onClick='toggleBox("stack-trace15717714", this, "Click to show all stack frames", "Click to hide stack frames")'>Click to show all stack frames</a>
<div class='stack-trace' id='stack-trace15717714'><pre>org.jmlspecs.jmlunitng.PreconditionSkipException: by method Addition.main
	at TEST.Addition_JML_Test.test_main_StringArray(Addition_JML_Test.java:102)
	at sun.reflect.NativeMethodAccessorImpl.invoke0(Native Method)
	at sun.reflect.NativeMethodAccessorImpl.invoke(Unknown Source)
	at sun.reflect.DelegatingMethodAccessorImpl.invoke(Unknown Source)
	at java.lang.reflect.Method.invoke(Unknown Source)
	at org.testng.internal.MethodHelper.invokeMethod(MethodHelper.java:607)
	at org.testng.internal.Invoker.invokeMethod(Invoker.java:517)
	at org.testng.internal.Invoker.invokeTestMethod(Invoker.java:669)
	at org.testng.internal.Invoker.invokeTestMethods(Invoker.java:956)
	at org.testng.internal.TestMethodWorker.invokeTestMethods(TestMethodWorker.java:126)
	at org.testng.internal.TestMethodWorker.run(TestMethodWorker.java:110)
	at org.testng.TestRunner.runWorkers(TestRunner.java:759)
	at org.testng.TestRunner.privateRun(TestRunner.java:592)
	at org.testng.TestRunner.run(TestRunner.java:486)
	at org.testng.SuiteRunner.runTest(SuiteRunner.java:332)
	at org.testng.SuiteRunner.runSequentially(SuiteRunner.java:327)
	at org.testng.SuiteRunner.privateRun(SuiteRunner.java:299)
	at org.testng.SuiteRunner.run(SuiteRunner.java:204)
	at org.testng.TestNG.createAndRunSuiteRunners(TestNG.java:877)
	at org.testng.TestNG.runSuitesLocally(TestNG.java:842)
	at org.testng.TestNG.run(TestNG.java:751)
	at org.testng.remote.RemoteTestNG.run(RemoteTestNG.java:73)
	at org.testng.remote.RemoteTestNG.main(RemoteTestNG.java:124)
</pre></div></td>
</tr>
<tr>
<td title='TEST.Addition_JML_Test.test_main_StringArray()'>test_main_StringArray<br/><b>Parameters:</b> TEST.Addition@750159, [Ljava.lang.String;@18a7efd</td>
<td>0</td>
<td><div><pre>org.jmlspecs.jmlunitng.PreconditionSkipException: by method Addition.main
	at TEST.Addition_JML_Test.test_main_StringArray(Addition_JML_Test.java:102)
... Removed 22 stack frames</pre></div><a href='#' onClick='toggleBox("stack-trace28027784", this, "Click to show all stack frames", "Click to hide stack frames")'>Click to show all stack frames</a>
<div class='stack-trace' id='stack-trace28027784'><pre>org.jmlspecs.jmlunitng.PreconditionSkipException: by method Addition.main
	at TEST.Addition_JML_Test.test_main_StringArray(Addition_JML_Test.java:102)
	at sun.reflect.NativeMethodAccessorImpl.invoke0(Native Method)
	at sun.reflect.NativeMethodAccessorImpl.invoke(Unknown Source)
	at sun.reflect.DelegatingMethodAccessorImpl.invoke(Unknown Source)
	at java.lang.reflect.Method.invoke(Unknown Source)
	at org.testng.internal.MethodHelper.invokeMethod(MethodHelper.java:607)
	at org.testng.internal.Invoker.invokeMethod(Invoker.java:517)
	at org.testng.internal.Invoker.invokeTestMethod(Invoker.java:669)
	at org.testng.internal.Invoker.invokeTestMethods(Invoker.java:956)
	at org.testng.internal.TestMethodWorker.invokeTestMethods(TestMethodWorker.java:126)
	at org.testng.internal.TestMethodWorker.run(TestMethodWorker.java:110)
	at org.testng.TestRunner.runWorkers(TestRunner.java:759)
	at org.testng.TestRunner.privateRun(TestRunner.java:592)
	at org.testng.TestRunner.run(TestRunner.java:486)
	at org.testng.SuiteRunner.runTest(SuiteRunner.java:332)
	at org.testng.SuiteRunner.runSequentially(SuiteRunner.java:327)
	at org.testng.SuiteRunner.privateRun(SuiteRunner.java:299)
	at org.testng.SuiteRunner.run(SuiteRunner.java:204)
	at org.testng.TestNG.createAndRunSuiteRunners(TestNG.java:877)
	at org.testng.TestNG.runSuitesLocally(TestNG.java:842)
	at org.testng.TestNG.run(TestNG.java:751)
	at org.testng.remote.RemoteTestNG.run(RemoteTestNG.java:73)
	at org.testng.remote.RemoteTestNG.main(RemoteTestNG.java:124)
</pre></div></td>
</tr>
</table><p>
</body>
</html>